Build started 21.2.2013 15:40:48.
     1>Project "D:\Documents\GitHub\SGLDL\OpenGL\OpenGL.vcxproj" on node 2 (Rebuild target(s)).
     1>C:\Program Files (x86)\MSBuild\Microsoft.Cpp\v4.0\V110\Microsoft.CppBuild.targets(346,5): warning MSB8004: Output Directory does not end with a trailing slash.  This build instance will add the slash as it is required to allow proper evaluation of the Output Directory.
     1>ClCompile:
         C:\Program Files (x86)\Microsoft Visual Studio 11.0\VC\bin\x86_amd64\CL.exe /c /I"D:\Documents\Visual Studio 2012\Projects\OpenGL\SGLDL\SGLDL Include" /Zi /nologo /W3 /WX- /sdl /Od /D WIN32 /D _DEBUG /D _CONSOLE /D _UNICODE /D UNICODE /Gm /EHsc /RTC1 /MDd /GS /fp:precise /Zc:wchar_t /Zc:forScope /Yc"stdafx.h" /Fp"x64\Debug\OpenGL.pch" /Fo"x64\Debug\\" /Fd"x64\Debug\vc110.pdb" /Gd /TP /errorReport:prompt stdafx.cpp
         stdafx.cpp
         C:\Program Files (x86)\Microsoft Visual Studio 11.0\VC\bin\x86_amd64\CL.exe /c /I"D:\Documents\Visual Studio 2012\Projects\OpenGL\SGLDL\SGLDL Include" /Zi /nologo /W3 /WX- /sdl /Od /D WIN32 /D _DEBUG /D _CONSOLE /D _UNICODE /D UNICODE /Gm /EHsc /RTC1 /MDd /GS /fp:precise /Zc:wchar_t /Zc:forScope /Yu"stdafx.h" /Fp"x64\Debug\OpenGL.pch" /Fo"x64\Debug\\" /Fd"x64\Debug\vc110.pdb" /Gd /TP /errorReport:prompt Game1.cpp OpenGL.cpp
         OpenGL.cpp
         Game1.cpp
         Generating Code...
       Link:
         C:\Program Files (x86)\Microsoft Visual Studio 11.0\VC\bin\x86_amd64\link.exe /ERRORREPORT:PROMPT /OUT:"..\Output\x64\OpenGL.exe" /INCREMENTAL /NOLOGO kernel32.lib user32.lib gdi32.lib winspool.lib comdlg32.lib advapi32.lib shell32.lib ole32.lib oleaut32.lib uuid.lib odbc32.lib odbccp32.lib /MANIFEST /MANIFESTUAC:"level='asInvoker' uiAccess='false'" /manifest:embed /DEBUG /PDB:"..\Output\x64\OpenGL.pdb" /SUBSYSTEM:CONSOLE /TLBID:1 /DYNAMICBASE /NXCOMPAT /IMPLIB:"..\Output\x64\OpenGL.lib" /MACHINE:X64 x64\Debug\Game1.obj
         x64\Debug\OpenGL.obj
         x64\Debug\stdafx.obj
         D:\Documents\GitHub\SGLDL\Output\x64\SGLDL.lib
            Creating library ..\Output\x64\OpenGL.lib and object ..\Output\x64\OpenGL.exp
         OpenGL.vcxproj -> D:\Documents\GitHub\SGLDL\OpenGL\..\Output\x64\OpenGL.exe
     1>Done Building Project "D:\Documents\GitHub\SGLDL\OpenGL\OpenGL.vcxproj" (Rebuild target(s)).

Build succeeded.

Time Elapsed 00:00:00.95
