D:\DOCUMENTS\GITHUB\SGLDL\OPENGL\X64\DEBUG\OPENGL.PCH
D:\DOCUMENTS\GITHUB\SGLDL\OPENGL\X64\DEBUG\STDAFX.OBJ
D:\DOCUMENTS\GITHUB\SGLDL\OPENGL\X64\DEBUG\VC110.PDB
D:\DOCUMENTS\GITHUB\SGLDL\OPENGL\X64\DEBUG\GAME1.OBJ
D:\DOCUMENTS\GITHUB\SGLDL\OPENGL\X64\DEBUG\OPENGL.OBJ
D:\DOCUMENTS\GITHUB\SGLDL\OUTPUT\X64\OPENGL.ILK
D:\DOCUMENTS\GITHUB\SGLDL\OUTPUT\X64\OPENGL.EXE
D:\DOCUMENTS\GITHUB\SGLDL\OUTPUT\X64\OPENGL.PDB
D:\Documents\GitHub\SGLDL\Output\x64\OpenGL.lib
D:\Documents\GitHub\SGLDL\Output\x64\OpenGL.exp
D:\Documents\GitHub\SGLDL\OpenGL\x64\Debug\OpenGL.vcxprojResolveAssemblyReference.cache
D:\Documents\GitHub\SGLDL\OpenGL\x64\Debug\Game1.obj
D:\Documents\GitHub\SGLDL\OpenGL\x64\Debug\OpenGL.obj
D:\Documents\GitHub\SGLDL\OpenGL\x64\Debug\stdafx.obj
D:\Documents\GitHub\SGLDL\OpenGL\x64\Debug\cl.command.1.tlog
D:\Documents\GitHub\SGLDL\OpenGL\x64\Debug\CL.read.1.tlog
D:\Documents\GitHub\SGLDL\OpenGL\x64\Debug\CL.write.1.tlog
D:\Documents\GitHub\SGLDL\OpenGL\x64\Debug\link-cvtres.read.1.tlog
D:\Documents\GitHub\SGLDL\OpenGL\x64\Debug\link-cvtres.write.1.tlog
D:\Documents\GitHub\SGLDL\OpenGL\x64\Debug\link-rc.read.1.tlog
D:\Documents\GitHub\SGLDL\OpenGL\x64\Debug\link-rc.write.1.tlog
D:\Documents\GitHub\SGLDL\OpenGL\x64\Debug\link.command.1.tlog
D:\Documents\GitHub\SGLDL\OpenGL\x64\Debug\link.read.1.tlog
D:\Documents\GitHub\SGLDL\OpenGL\x64\Debug\link.write.1.tlog
D:\Documents\GitHub\SGLDL\OpenGL\x64\Debug\OpenGL.write.1.tlog
D:\Documents\GitHub\SGLDL\OpenGL\x64\Debug\OpenGL.pch
D:\Documents\GitHub\SGLDL\OpenGL\x64\Debug\vc110.idb
D:\Documents\GitHub\SGLDL\OpenGL\x64\Debug\vc110.pdb
