D:\DOCUMENTS\GITHUB\SGLDL\SGLDL\X64\DEBUG\SGLDL.PCH
D:\DOCUMENTS\GITHUB\SGLDL\SGLDL\X64\DEBUG\STDAFX.OBJ
D:\DOCUMENTS\GITHUB\SGLDL\SGLDL\X64\DEBUG\VC110.PDB
D:\DOCUMENTS\GITHUB\SGLDL\SGLDL\X64\DEBUG\BMPLOADER.OBJ
D:\DOCUMENTS\GITHUB\SGLDL\SGLDL\X64\DEBUG\GAME.OBJ
D:\DOCUMENTS\GITHUB\SGLDL\SGLDL\X64\DEBUG\SGLDL.OBJ
D:\DOCUMENTS\GITHUB\SGLDL\SGLDL\X64\DEBUG\SGLDLLDATATYPES.OBJ
D:\DOCUMENTS\GITHUB\SGLDL\SGLDL\X64\DEBUG\DLLMAIN.OBJ
D:\DOCUMENTS\GITHUB\SGLDL\OUTPUT\X64\SGLDL.ILK
D:\DOCUMENTS\GITHUB\SGLDL\OUTPUT\X64\SGLDL.DLL
D:\DOCUMENTS\GITHUB\SGLDL\OUTPUT\X64\SGLDL.PDB
D:\Documents\GitHub\SGLDL\Output\x64\SGLDL.lib
D:\Documents\GitHub\SGLDL\Output\x64\SGLDL.exp
D:\Documents\GitHub\SGLDL\SGLDL\x64\Debug\bmploader.obj
D:\Documents\GitHub\SGLDL\SGLDL\x64\Debug\dllmain.obj
D:\Documents\GitHub\SGLDL\SGLDL\x64\Debug\Game.obj
D:\Documents\GitHub\SGLDL\SGLDL\x64\Debug\SGLDL.obj
D:\Documents\GitHub\SGLDL\SGLDL\x64\Debug\sgldllDataTypes.obj
D:\Documents\GitHub\SGLDL\SGLDL\x64\Debug\stdafx.obj
D:\Documents\GitHub\SGLDL\SGLDL\x64\Debug\cl.command.1.tlog
D:\Documents\GitHub\SGLDL\SGLDL\x64\Debug\CL.read.1.tlog
D:\Documents\GitHub\SGLDL\SGLDL\x64\Debug\CL.write.1.tlog
D:\Documents\GitHub\SGLDL\SGLDL\x64\Debug\link-cvtres.read.1.tlog
D:\Documents\GitHub\SGLDL\SGLDL\x64\Debug\link-cvtres.write.1.tlog
D:\Documents\GitHub\SGLDL\SGLDL\x64\Debug\link-rc.read.1.tlog
D:\Documents\GitHub\SGLDL\SGLDL\x64\Debug\link-rc.write.1.tlog
D:\Documents\GitHub\SGLDL\SGLDL\x64\Debug\link.command.1.tlog
D:\Documents\GitHub\SGLDL\SGLDL\x64\Debug\link.read.1.tlog
D:\Documents\GitHub\SGLDL\SGLDL\x64\Debug\link.write.1.tlog
D:\Documents\GitHub\SGLDL\SGLDL\x64\Debug\SGLDL.write.1.tlog
D:\Documents\GitHub\SGLDL\SGLDL\x64\Debug\SGLDL.pch
D:\Documents\GitHub\SGLDL\SGLDL\x64\Debug\vc110.idb
D:\Documents\GitHub\SGLDL\SGLDL\x64\Debug\vc110.pdb
D:\Documents\GitHub\SGLDL\SGLDL\..\Output\x64\SGLDL.dll
