Build started 21.2.2013 15:40:46.
     1>Project "D:\Documents\GitHub\SGLDL\SGLDL\SGLDL.vcxproj" on node 2 (Rebuild target(s)).
     1>C:\Program Files (x86)\MSBuild\Microsoft.Cpp\v4.0\V110\Microsoft.CppBuild.targets(346,5): warning MSB8004: Output Directory does not end with a trailing slash.  This build instance will add the slash as it is required to allow proper evaluation of the Output Directory.
     1>ClCompile:
         C:\Program Files (x86)\Microsoft Visual Studio 11.0\VC\bin\x86_amd64\CL.exe /c /Zi /nologo /W3 /WX- /sdl /Od /D WIN32 /D _DEBUG /D _WINDOWS /D _USRDLL /D SGLDL_EXPORTS /D _WINDLL /D _UNICODE /D UNICODE /Gm /EHsc /RTC1 /MDd /GS /fp:precise /Zc:wchar_t /Zc:forScope /Yc"stdafx.h" /Fp"x64\Debug\SGLDL.pch" /Fo"x64\Debug\\" /Fd"x64\Debug\vc110.pdb" /Gd /TP /errorReport:prompt stdafx.cpp
         stdafx.cpp
         C:\Program Files (x86)\Microsoft Visual Studio 11.0\VC\bin\x86_amd64\CL.exe /c /Zi /nologo /W3 /WX- /sdl /Od /D WIN32 /D _DEBUG /D _WINDOWS /D _USRDLL /D SGLDL_EXPORTS /D _WINDLL /D _UNICODE /D UNICODE /Gm /EHsc /RTC1 /MDd /GS /fp:precise /Zc:wchar_t /Zc:forScope /Yu"stdafx.h" /Fp"x64\Debug\SGLDL.pch" /Fo"x64\Debug\\" /Fd"x64\Debug\vc110.pdb" /Gd /TP /errorReport:prompt bmploader.cpp Game.cpp SGLDL.cpp sgldllDataTypes.cpp
         sgldllDataTypes.cpp
         SGLDL.cpp
     1>SGLDL.cpp(30): warning C4244: 'argument' : conversion from 'float' to 'unsigned int', possible loss of data
     1>SGLDL.cpp(47): warning C4244: 'argument' : conversion from 'float' to 'unsigned int', possible loss of data
         Game.cpp
         bmploader.cpp
         Generating Code...
         C:\Program Files (x86)\Microsoft Visual Studio 11.0\VC\bin\x86_amd64\CL.exe /c /Zi /nologo /W3 /WX- /sdl /Od /D WIN32 /D _DEBUG /D _WINDOWS /D _USRDLL /D SGLDL_EXPORTS /D _WINDLL /D _UNICODE /D UNICODE /Gm /EHsc /RTC1 /MDd /GS /fp:precise /Zc:wchar_t /Zc:forScope /Fo"x64\Debug\\" /Fd"x64\Debug\vc110.pdb" /Gd /TP /errorReport:prompt dllmain.cpp
         dllmain.cpp
       Link:
         C:\Program Files (x86)\Microsoft Visual Studio 11.0\VC\bin\x86_amd64\link.exe /ERRORREPORT:PROMPT /OUT:"..\Output\x64\SGLDL.dll" /INCREMENTAL /NOLOGO kernel32.lib user32.lib gdi32.lib winspool.lib comdlg32.lib advapi32.lib shell32.lib ole32.lib oleaut32.lib uuid.lib odbc32.lib odbccp32.lib /MANIFEST /MANIFESTUAC:"level='asInvoker' uiAccess='false'" /manifest:embed /DEBUG /PDB:"..\Output\x64\SGLDL.pdb" /SUBSYSTEM:WINDOWS /TLBID:1 /DYNAMICBASE /NXCOMPAT /IMPLIB:"..\Output\x64\SGLDL.lib" /MACHINE:X64 /DLL x64\Debug\bmploader.obj
         x64\Debug\dllmain.obj
         x64\Debug\Game.obj
         x64\Debug\SGLDL.obj
         x64\Debug\sgldllDataTypes.obj
         x64\Debug\stdafx.obj
            Creating library ..\Output\x64\SGLDL.lib and object ..\Output\x64\SGLDL.exp
         SGLDL.vcxproj -> D:\Documents\GitHub\SGLDL\SGLDL\..\Output\x64\SGLDL.dll
     1>Done Building Project "D:\Documents\GitHub\SGLDL\SGLDL\SGLDL.vcxproj" (Rebuild target(s)).

Build succeeded.

Time Elapsed 00:00:01.54
